<?xml version="1.0" encoding="UTF-8"?>
<!-- Generated by org.testng.reporters.JUnitXMLReporter -->
<testsuite ignored="0" hostname="DESKTOP-PMHNFDC" failures="0" tests="7" name="ChromeTest" time="26.691" errors="0" timestamp="2025-01-20T21:34:42 IST">
  <testcase classname="testcases.ManageNewsTest" name="verifyUserIsAbleTOAddNewNewsWithValidDetails" time="2.87"/>
  <testcase classname="testcases.ManageNewsTest" name="verifyUserIsAbleToEditTheNewsWithValidDetails" time="1.966"/>
  <testcase classname="testcases.ManageNewsTest" name="verifyUserIsAbleToResetTheNews" time="1.333"/>
  <testcase classname="testcases.ManageNewsTest" name="verifyUserIsAbleToSearchTheExistingNews" time="1.679"/>
  <testcase classname="testcases.SubCategoryTest" name="verifyUserIsAbleToAddNewSubCategoryWithValidDetails" time="3.043"/>
  <testcase classname="testcases.SubCategoryTest" name="verifyUserIsAbleToSearchTheSubCategoryIsNotPresent" time="2.111"/>
  <testcase classname="testcases.SubCategoryTest" name="verifyUserIsAbleToResetTheSubCategory" time="1.567"/>
</testsuite> <!-- ChromeTest -->
