<?xml version="1.0" encoding="UTF-8"?>
<!-- Generated by org.testng.reporters.JUnitXMLReporter -->
<testsuite ignored="0" hostname="DESKTOP-PMHNFDC" failures="0" tests="7" name="EdgeTest" time="38.805" errors="0" timestamp="2025-01-20T21:35:21 IST">
  <testcase classname="testcases.ManageNewsTest" name="verifyUserIsAbleTOAddNewNewsWithValidDetails" time="2.196"/>
  <testcase classname="testcases.ManageNewsTest" name="verifyUserIsAbleToEditTheNewsWithValidDetails" time="2.018"/>
  <testcase classname="testcases.ManageNewsTest" name="verifyUserIsAbleToResetTheNews" time="1.695"/>
  <testcase classname="testcases.ManageNewsTest" name="verifyUserIsAbleToSearchTheExistingNews" time="1.845"/>
  <testcase classname="testcases.SubCategoryTest" name="verifyUserIsAbleToAddNewSubCategoryWithValidDetails" time="4.144"/>
  <testcase classname="testcases.SubCategoryTest" name="verifyUserIsAbleToSearchTheSubCategoryIsNotPresent" time="2.299"/>
  <testcase classname="testcases.SubCategoryTest" name="verifyUserIsAbleToResetTheSubCategory" time="1.519"/>
</testsuite> <!-- EdgeTest -->
