<?xml version="1.0" encoding="UTF-8"?>
<!-- Generated by org.testng.reporters.JUnitXMLReporter -->
<testsuite ignored="5" hostname="DESKTOP-PMHNFDC" failures="0" tests="2" name="myTest" time="10.678" errors="0" timestamp="2025-01-20T21:35:51 IST">
  <testcase classname="testcases.ManageNewsTest" name="verifyUserIsAbleTOAddNewNewsWithValidDetails" time="3.028"/>
  <testcase classname="testcases.CategoryTest" name="verifyUserIsAbleToAddNewCategoryWithValidDetails" time="3.599"/>
  <testcase classname="testcases.ManageNewsTest" name="verifyUserIsAbleToSearchTheExistingNews" time="0.0">
    <ignored/>
  </testcase> <!-- verifyUserIsAbleToSearchTheExistingNews -->
  <testcase classname="testcases.ManageNewsTest" name="verifyUserIsAbleToEditTheNewsWithValidDetails" time="0.0">
    <ignored/>
  </testcase> <!-- verifyUserIsAbleToEditTheNewsWithValidDetails -->
  <testcase classname="testcases.CategoryTest" name="verifyUserIsAbleToResetTheCategory" time="0.0">
    <ignored/>
  </testcase> <!-- verifyUserIsAbleToResetTheCategory -->
  <testcase classname="testcases.ManageNewsTest" name="verifyUserIsAbleToResetTheNews" time="0.0">
    <ignored/>
  </testcase> <!-- verifyUserIsAbleToResetTheNews -->
  <testcase classname="testcases.CategoryTest" name="verifyUserIsAbleToSearchTheCategoryThatIsNotPresent" time="0.0">
    <ignored/>
  </testcase> <!-- verifyUserIsAbleToSearchTheCategoryThatIsNotPresent -->
</testsuite> <!-- myTest -->
