<?xml version="1.0" encoding="UTF-8"?>
<!-- Generated by org.testng.reporters.JUnitXMLReporter -->
<testsuite ignored="3" hostname="DESKTOP-PMHNFDC" failures="0" tests="2" name="myTest" time="9.7" errors="0" timestamp="2025-01-13T16:55:32 IST">
  <testcase classname="testcases.ManageNewsTest" name="verifyAddManageNews" time="2.712"/>
  <testcase classname="testcases.ManageCategoryTest" name="verifyAddManageCategory" time="3.468"/>
  <testcase classname="testcases.ManageNewsTest" name="verifyEditManageNews" time="0.0">
    <ignored/>
  </testcase> <!-- verifyEditManageNews -->
  <testcase classname="testcases.ManageNewsTest" name="verifySearchManageNews" time="0.0">
    <ignored/>
  </testcase> <!-- verifySearchManageNews -->
  <testcase classname="testcases.ManageNewsTest" name="verifyResetManageNews" time="0.0">
    <ignored/>
  </testcase> <!-- verifyResetManageNews -->
</testsuite> <!-- myTest -->
