<?xml version="1.0" encoding="UTF-8"?>
<testng-results ignored="0" total="17" passed="17" failed="0" skipped="0">
  <reporter-output>
  </reporter-output>
  <suite started-at="2025-01-21T20:09:05 IST" name="Mytestsuite" finished-at="2025-01-21T20:10:10 IST" duration-ms="64749">
    <groups>
      <group name="smoke">
        <method signature="CategoryTest.verifyUserIsAbleToAddNewCategoryWithValidDetails()[pri:0, instance:testcases.CategoryTest@4f49f6af]" name="verifyUserIsAbleToAddNewCategoryWithValidDetails" class="testcases.CategoryTest"/>
        <method signature="ManageNewsTest.verifyUserIsAbleTOAddNewNewsWithValidDetails()[pri:0, instance:testcases.ManageNewsTest@147e2ae7]" name="verifyUserIsAbleTOAddNewNewsWithValidDetails" class="testcases.ManageNewsTest"/>
      </group> <!-- smoke -->
    </groups>
    <test started-at="2025-01-21T20:09:05 IST" name="myTest" finished-at="2025-01-21T20:10:10 IST" duration-ms="64749">
      <class name="testcases.ManageContactTest">
        <test-method is-config="true" signature="initializeBrowser(java.lang.String)[pri:0, instance:testcases.ManageContactTest@448c8166]" started-at="2025-01-21T20:10:05 IST" name="initializeBrowser" finished-at="2025-01-21T20:10:07 IST" duration-ms="1837" status="PASS">
          <params>
            <param index="0">
              <value>
                <![CDATA[Chrome]]>
              </value>
            </param>
          </params>
          <reporter-output>
          </reporter-output>
        </test-method> <!-- initializeBrowser -->
        <test-method signature="verifyUserIsAbleToUpdateTheContactWithValidDetails()[pri:0, instance:testcases.ManageContactTest@448c8166]" started-at="2025-01-21T20:10:07 IST" name="verifyUserIsAbleToUpdateTheContactWithValidDetails" finished-at="2025-01-21T20:10:09 IST" duration-ms="2201" status="PASS">
          <reporter-output>
          </reporter-output>
        </test-method> <!-- verifyUserIsAbleToUpdateTheContactWithValidDetails -->
        <test-method is-config="true" signature="driverQuit(org.testng.ITestResult)[pri:0, instance:testcases.ManageContactTest@448c8166]" started-at="2025-01-21T20:10:09 IST" name="driverQuit" finished-at="2025-01-21T20:10:10 IST" duration-ms="177" status="PASS">
          <params>
            <param index="0">
              <value>
                <![CDATA[[TestResult name=verifyUserIsAbleToUpdateTheContactWithValidDetails status=SUCCESS method=ManageContactTest.verifyUserIsAbleToUpdateTheContactWithValidDetails()[pri:0, instance:testcases.ManageContactTest@448c8166] output={null}]]]>
              </value>
            </param>
          </params>
          <reporter-output>
          </reporter-output>
        </test-method> <!-- driverQuit -->
      </class> <!-- testcases.ManageContactTest -->
      <class name="testcases.SubCategoryTest">
        <test-method is-config="true" signature="initializeBrowser(java.lang.String)[pri:0, instance:testcases.SubCategoryTest@78452606]" started-at="2025-01-21T20:09:31 IST" name="initializeBrowser" finished-at="2025-01-21T20:09:32 IST" duration-ms="1413" status="PASS">
          <params>
            <param index="0">
              <value>
                <![CDATA[Chrome]]>
              </value>
            </param>
          </params>
          <reporter-output>
          </reporter-output>
        </test-method> <!-- initializeBrowser -->
        <test-method signature="verifyUserIsAbleToAddNewSubCategoryWithValidDetails()[pri:1, instance:testcases.SubCategoryTest@78452606]" started-at="2025-01-21T20:09:32 IST" name="verifyUserIsAbleToAddNewSubCategoryWithValidDetails" finished-at="2025-01-21T20:09:35 IST" duration-ms="3084" status="PASS">
          <reporter-output>
          </reporter-output>
        </test-method> <!-- verifyUserIsAbleToAddNewSubCategoryWithValidDetails -->
        <test-method is-config="true" signature="driverQuit(org.testng.ITestResult)[pri:0, instance:testcases.SubCategoryTest@78452606]" started-at="2025-01-21T20:09:35 IST" name="driverQuit" finished-at="2025-01-21T20:09:35 IST" duration-ms="198" status="PASS">
          <params>
            <param index="0">
              <value>
                <![CDATA[[TestResult name=verifyUserIsAbleToAddNewSubCategoryWithValidDetails status=SUCCESS method=SubCategoryTest.verifyUserIsAbleToAddNewSubCategoryWithValidDetails()[pri:1, instance:testcases.SubCategoryTest@78452606] output={null}]]]>
              </value>
            </param>
          </params>
          <reporter-output>
          </reporter-output>
        </test-method> <!-- driverQuit -->
        <test-method is-config="true" signature="initializeBrowser(java.lang.String)[pri:0, instance:testcases.SubCategoryTest@78452606]" started-at="2025-01-21T20:09:35 IST" name="initializeBrowser" finished-at="2025-01-21T20:09:38 IST" duration-ms="3119" status="PASS">
          <params>
            <param index="0">
              <value>
                <![CDATA[Chrome]]>
              </value>
            </param>
          </params>
          <reporter-output>
          </reporter-output>
        </test-method> <!-- initializeBrowser -->
        <test-method signature="verifyUserIsAbleToSearchTheSubCategoryIsNotPresent()[pri:2, instance:testcases.SubCategoryTest@78452606]" started-at="2025-01-21T20:09:38 IST" name="verifyUserIsAbleToSearchTheSubCategoryIsNotPresent" finished-at="2025-01-21T20:09:42 IST" duration-ms="3304" status="PASS">
          <reporter-output>
          </reporter-output>
        </test-method> <!-- verifyUserIsAbleToSearchTheSubCategoryIsNotPresent -->
        <test-method is-config="true" signature="driverQuit(org.testng.ITestResult)[pri:0, instance:testcases.SubCategoryTest@78452606]" started-at="2025-01-21T20:09:42 IST" name="driverQuit" finished-at="2025-01-21T20:09:42 IST" duration-ms="186" status="PASS">
          <params>
            <param index="0">
              <value>
                <![CDATA[[TestResult name=verifyUserIsAbleToSearchTheSubCategoryIsNotPresent status=SUCCESS method=SubCategoryTest.verifyUserIsAbleToSearchTheSubCategoryIsNotPresent()[pri:2, instance:testcases.SubCategoryTest@78452606] output={null}]]]>
              </value>
            </param>
          </params>
          <reporter-output>
          </reporter-output>
        </test-method> <!-- driverQuit -->
        <test-method is-config="true" signature="initializeBrowser(java.lang.String)[pri:0, instance:testcases.SubCategoryTest@78452606]" started-at="2025-01-21T20:09:42 IST" name="initializeBrowser" finished-at="2025-01-21T20:09:44 IST" duration-ms="2192" status="PASS">
          <params>
            <param index="0">
              <value>
                <![CDATA[Chrome]]>
              </value>
            </param>
          </params>
          <reporter-output>
          </reporter-output>
        </test-method> <!-- initializeBrowser -->
        <test-method signature="verifyUserIsAbleToResetTheSubCategory()[pri:3, instance:testcases.SubCategoryTest@78452606]" started-at="2025-01-21T20:09:44 IST" name="verifyUserIsAbleToResetTheSubCategory" finished-at="2025-01-21T20:09:46 IST" duration-ms="2057" status="PASS">
          <reporter-output>
          </reporter-output>
        </test-method> <!-- verifyUserIsAbleToResetTheSubCategory -->
        <test-method is-config="true" signature="driverQuit(org.testng.ITestResult)[pri:0, instance:testcases.SubCategoryTest@78452606]" started-at="2025-01-21T20:09:46 IST" name="driverQuit" finished-at="2025-01-21T20:09:46 IST" duration-ms="213" status="PASS">
          <params>
            <param index="0">
              <value>
                <![CDATA[[TestResult name=verifyUserIsAbleToResetTheSubCategory status=SUCCESS method=SubCategoryTest.verifyUserIsAbleToResetTheSubCategory()[pri:3, instance:testcases.SubCategoryTest@78452606] output={null}]]]>
              </value>
            </param>
          </params>
          <reporter-output>
          </reporter-output>
        </test-method> <!-- driverQuit -->
      </class> <!-- testcases.SubCategoryTest -->
      <class name="testcases.CategoryTest">
        <test-method is-config="true" signature="initializeBrowser(java.lang.String)[pri:0, instance:testcases.CategoryTest@4f49f6af]" started-at="2025-01-21T20:09:20 IST" name="initializeBrowser" finished-at="2025-01-21T20:09:21 IST" duration-ms="1375" status="PASS">
          <params>
            <param index="0">
              <value>
                <![CDATA[Chrome]]>
              </value>
            </param>
          </params>
          <reporter-output>
          </reporter-output>
        </test-method> <!-- initializeBrowser -->
        <test-method signature="verifyUserIsAbleToAddNewCategoryWithValidDetails()[pri:0, instance:testcases.CategoryTest@4f49f6af]" started-at="2025-01-21T20:09:21 IST" name="verifyUserIsAbleToAddNewCategoryWithValidDetails" finished-at="2025-01-21T20:09:24 IST" duration-ms="3279" status="PASS">
          <reporter-output>
          </reporter-output>
        </test-method> <!-- verifyUserIsAbleToAddNewCategoryWithValidDetails -->
        <test-method is-config="true" signature="driverQuit(org.testng.ITestResult)[pri:0, instance:testcases.CategoryTest@4f49f6af]" started-at="2025-01-21T20:09:24 IST" name="driverQuit" finished-at="2025-01-21T20:09:25 IST" duration-ms="209" status="PASS">
          <params>
            <param index="0">
              <value>
                <![CDATA[[TestResult name=verifyUserIsAbleToAddNewCategoryWithValidDetails status=SUCCESS method=CategoryTest.verifyUserIsAbleToAddNewCategoryWithValidDetails()[pri:0, instance:testcases.CategoryTest@4f49f6af] output={null}]]]>
              </value>
            </param>
          </params>
          <reporter-output>
          </reporter-output>
        </test-method> <!-- driverQuit -->
        <test-method is-config="true" signature="initializeBrowser(java.lang.String)[pri:0, instance:testcases.CategoryTest@4f49f6af]" started-at="2025-01-21T20:09:25 IST" name="initializeBrowser" finished-at="2025-01-21T20:09:26 IST" duration-ms="1399" status="PASS">
          <params>
            <param index="0">
              <value>
                <![CDATA[Chrome]]>
              </value>
            </param>
          </params>
          <reporter-output>
          </reporter-output>
        </test-method> <!-- initializeBrowser -->
        <test-method signature="verifyUserIsAbleToResetTheCategory()[pri:0, instance:testcases.CategoryTest@4f49f6af]" started-at="2025-01-21T20:09:26 IST" name="verifyUserIsAbleToResetTheCategory" finished-at="2025-01-21T20:09:27 IST" duration-ms="1319" status="PASS">
          <reporter-output>
          </reporter-output>
        </test-method> <!-- verifyUserIsAbleToResetTheCategory -->
        <test-method is-config="true" signature="driverQuit(org.testng.ITestResult)[pri:0, instance:testcases.CategoryTest@4f49f6af]" started-at="2025-01-21T20:09:27 IST" name="driverQuit" finished-at="2025-01-21T20:09:27 IST" duration-ms="185" status="PASS">
          <params>
            <param index="0">
              <value>
                <![CDATA[[TestResult name=verifyUserIsAbleToResetTheCategory status=SUCCESS method=CategoryTest.verifyUserIsAbleToResetTheCategory()[pri:0, instance:testcases.CategoryTest@4f49f6af] output={null}]]]>
              </value>
            </param>
          </params>
          <reporter-output>
          </reporter-output>
        </test-method> <!-- driverQuit -->
        <test-method is-config="true" signature="initializeBrowser(java.lang.String)[pri:0, instance:testcases.CategoryTest@4f49f6af]" started-at="2025-01-21T20:09:27 IST" name="initializeBrowser" finished-at="2025-01-21T20:09:29 IST" duration-ms="1402" status="PASS">
          <params>
            <param index="0">
              <value>
                <![CDATA[Chrome]]>
              </value>
            </param>
          </params>
          <reporter-output>
          </reporter-output>
        </test-method> <!-- initializeBrowser -->
        <test-method signature="verifyUserIsAbleToSearchTheCategoryThatIsNotPresent()[pri:0, instance:testcases.CategoryTest@4f49f6af]" started-at="2025-01-21T20:09:29 IST" name="verifyUserIsAbleToSearchTheCategoryThatIsNotPresent" finished-at="2025-01-21T20:09:30 IST" duration-ms="1567" status="PASS">
          <reporter-output>
          </reporter-output>
        </test-method> <!-- verifyUserIsAbleToSearchTheCategoryThatIsNotPresent -->
        <test-method is-config="true" signature="driverQuit(org.testng.ITestResult)[pri:0, instance:testcases.CategoryTest@4f49f6af]" started-at="2025-01-21T20:09:30 IST" name="driverQuit" finished-at="2025-01-21T20:09:31 IST" duration-ms="175" status="PASS">
          <params>
            <param index="0">
              <value>
                <![CDATA[[TestResult name=verifyUserIsAbleToSearchTheCategoryThatIsNotPresent status=SUCCESS method=CategoryTest.verifyUserIsAbleToSearchTheCategoryThatIsNotPresent()[pri:0, instance:testcases.CategoryTest@4f49f6af] output={null}]]]>
              </value>
            </param>
          </params>
          <reporter-output>
          </reporter-output>
        </test-method> <!-- driverQuit -->
      </class> <!-- testcases.CategoryTest -->
      <class name="testcases.ManageNewsTest">
        <test-method is-config="true" signature="initializeBrowser(java.lang.String)[pri:0, instance:testcases.ManageNewsTest@147e2ae7]" started-at="2025-01-21T20:09:46 IST" name="initializeBrowser" finished-at="2025-01-21T20:09:49 IST" duration-ms="2677" status="PASS">
          <params>
            <param index="0">
              <value>
                <![CDATA[Chrome]]>
              </value>
            </param>
          </params>
          <reporter-output>
          </reporter-output>
        </test-method> <!-- initializeBrowser -->
        <test-method signature="verifyUserIsAbleTOAddNewNewsWithValidDetails()[pri:0, instance:testcases.ManageNewsTest@147e2ae7]" started-at="2025-01-21T20:09:49 IST" name="verifyUserIsAbleTOAddNewNewsWithValidDetails" finished-at="2025-01-21T20:09:51 IST" duration-ms="1995" status="PASS">
          <reporter-output>
          </reporter-output>
        </test-method> <!-- verifyUserIsAbleTOAddNewNewsWithValidDetails -->
        <test-method is-config="true" signature="driverQuit(org.testng.ITestResult)[pri:0, instance:testcases.ManageNewsTest@147e2ae7]" started-at="2025-01-21T20:09:51 IST" name="driverQuit" finished-at="2025-01-21T20:09:51 IST" duration-ms="190" status="PASS">
          <params>
            <param index="0">
              <value>
                <![CDATA[[TestResult name=verifyUserIsAbleTOAddNewNewsWithValidDetails status=SUCCESS method=ManageNewsTest.verifyUserIsAbleTOAddNewNewsWithValidDetails()[pri:0, instance:testcases.ManageNewsTest@147e2ae7] output={null}]]]>
              </value>
            </param>
          </params>
          <reporter-output>
          </reporter-output>
        </test-method> <!-- driverQuit -->
        <test-method is-config="true" signature="initializeBrowser(java.lang.String)[pri:0, instance:testcases.ManageNewsTest@147e2ae7]" started-at="2025-01-21T20:09:51 IST" name="initializeBrowser" finished-at="2025-01-21T20:09:53 IST" duration-ms="1526" status="PASS">
          <params>
            <param index="0">
              <value>
                <![CDATA[Chrome]]>
              </value>
            </param>
          </params>
          <reporter-output>
          </reporter-output>
        </test-method> <!-- initializeBrowser -->
        <test-method signature="verifyUserIsAbleToEditTheNewsWithValidDetails()[pri:0, instance:testcases.ManageNewsTest@147e2ae7]" started-at="2025-01-21T20:09:53 IST" name="verifyUserIsAbleToEditTheNewsWithValidDetails" finished-at="2025-01-21T20:09:56 IST" duration-ms="2934" status="PASS">
          <reporter-output>
          </reporter-output>
        </test-method> <!-- verifyUserIsAbleToEditTheNewsWithValidDetails -->
        <test-method is-config="true" signature="driverQuit(org.testng.ITestResult)[pri:0, instance:testcases.ManageNewsTest@147e2ae7]" started-at="2025-01-21T20:09:56 IST" name="driverQuit" finished-at="2025-01-21T20:09:56 IST" duration-ms="195" status="PASS">
          <params>
            <param index="0">
              <value>
                <![CDATA[[TestResult name=verifyUserIsAbleToEditTheNewsWithValidDetails status=SUCCESS method=ManageNewsTest.verifyUserIsAbleToEditTheNewsWithValidDetails()[pri:0, instance:testcases.ManageNewsTest@147e2ae7] output={null}]]]>
              </value>
            </param>
          </params>
          <reporter-output>
          </reporter-output>
        </test-method> <!-- driverQuit -->
        <test-method is-config="true" signature="initializeBrowser(java.lang.String)[pri:0, instance:testcases.ManageNewsTest@147e2ae7]" started-at="2025-01-21T20:09:56 IST" name="initializeBrowser" finished-at="2025-01-21T20:09:59 IST" duration-ms="2846" status="PASS">
          <params>
            <param index="0">
              <value>
                <![CDATA[Chrome]]>
              </value>
            </param>
          </params>
          <reporter-output>
          </reporter-output>
        </test-method> <!-- initializeBrowser -->
        <test-method signature="verifyUserIsAbleToResetTheNews()[pri:0, instance:testcases.ManageNewsTest@147e2ae7]" started-at="2025-01-21T20:09:59 IST" name="verifyUserIsAbleToResetTheNews" finished-at="2025-01-21T20:10:00 IST" duration-ms="1533" status="PASS">
          <reporter-output>
          </reporter-output>
        </test-method> <!-- verifyUserIsAbleToResetTheNews -->
        <test-method is-config="true" signature="driverQuit(org.testng.ITestResult)[pri:0, instance:testcases.ManageNewsTest@147e2ae7]" started-at="2025-01-21T20:10:00 IST" name="driverQuit" finished-at="2025-01-21T20:10:00 IST" duration-ms="174" status="PASS">
          <params>
            <param index="0">
              <value>
                <![CDATA[[TestResult name=verifyUserIsAbleToResetTheNews status=SUCCESS method=ManageNewsTest.verifyUserIsAbleToResetTheNews()[pri:0, instance:testcases.ManageNewsTest@147e2ae7] output={null}]]]>
              </value>
            </param>
          </params>
          <reporter-output>
          </reporter-output>
        </test-method> <!-- driverQuit -->
        <test-method is-config="true" signature="initializeBrowser(java.lang.String)[pri:0, instance:testcases.ManageNewsTest@147e2ae7]" started-at="2025-01-21T20:10:00 IST" name="initializeBrowser" finished-at="2025-01-21T20:10:02 IST" duration-ms="2002" status="PASS">
          <params>
            <param index="0">
              <value>
                <![CDATA[Chrome]]>
              </value>
            </param>
          </params>
          <reporter-output>
          </reporter-output>
        </test-method> <!-- initializeBrowser -->
        <test-method signature="verifyUserIsAbleToSearchTheNewsThatIsNotPresent()[pri:0, instance:testcases.ManageNewsTest@147e2ae7]" started-at="2025-01-21T20:10:02 IST" name="verifyUserIsAbleToSearchTheNewsThatIsNotPresent" finished-at="2025-01-21T20:10:05 IST" duration-ms="2777" status="PASS">
          <reporter-output>
          </reporter-output>
        </test-method> <!-- verifyUserIsAbleToSearchTheNewsThatIsNotPresent -->
        <test-method is-config="true" signature="driverQuit(org.testng.ITestResult)[pri:0, instance:testcases.ManageNewsTest@147e2ae7]" started-at="2025-01-21T20:10:05 IST" name="driverQuit" finished-at="2025-01-21T20:10:05 IST" duration-ms="178" status="PASS">
          <params>
            <param index="0">
              <value>
                <![CDATA[[TestResult name=verifyUserIsAbleToSearchTheNewsThatIsNotPresent status=SUCCESS method=ManageNewsTest.verifyUserIsAbleToSearchTheNewsThatIsNotPresent()[pri:0, instance:testcases.ManageNewsTest@147e2ae7] output={null}]]]>
              </value>
            </param>
          </params>
          <reporter-output>
          </reporter-output>
        </test-method> <!-- driverQuit -->
      </class> <!-- testcases.ManageNewsTest -->
      <class name="testcases.LoginTest">
        <test-method is-config="true" signature="initializeBrowser(java.lang.String)[pri:0, instance:testcases.LoginTest@2f953efd]" started-at="2025-01-21T20:09:05 IST" name="initializeBrowser" finished-at="2025-01-21T20:09:07 IST" duration-ms="2169" status="PASS">
          <params>
            <param index="0">
              <value>
                <![CDATA[Chrome]]>
              </value>
            </param>
          </params>
          <reporter-output>
          </reporter-output>
        </test-method> <!-- initializeBrowser -->
        <test-method signature="verifyUserLoginWithInvalidUsernameAndInvalidPassword()[pri:0, instance:testcases.LoginTest@2f953efd]" started-at="2025-01-21T20:09:07 IST" name="verifyUserLoginWithInvalidUsernameAndInvalidPassword" finished-at="2025-01-21T20:09:09 IST" duration-ms="1536" status="PASS">
          <reporter-output>
          </reporter-output>
        </test-method> <!-- verifyUserLoginWithInvalidUsernameAndInvalidPassword -->
        <test-method is-config="true" signature="driverQuit(org.testng.ITestResult)[pri:0, instance:testcases.LoginTest@2f953efd]" started-at="2025-01-21T20:09:09 IST" name="driverQuit" finished-at="2025-01-21T20:09:09 IST" duration-ms="200" status="PASS">
          <params>
            <param index="0">
              <value>
                <![CDATA[[TestResult name=verifyUserLoginWithInvalidUsernameAndInvalidPassword status=SUCCESS method=LoginTest.verifyUserLoginWithInvalidUsernameAndInvalidPassword()[pri:0, instance:testcases.LoginTest@2f953efd] output={null}]]]>
              </value>
            </param>
          </params>
          <reporter-output>
          </reporter-output>
        </test-method> <!-- driverQuit -->
        <test-method is-config="true" signature="initializeBrowser(java.lang.String)[pri:0, instance:testcases.LoginTest@2f953efd]" started-at="2025-01-21T20:09:09 IST" name="initializeBrowser" finished-at="2025-01-21T20:09:10 IST" duration-ms="1379" status="PASS">
          <params>
            <param index="0">
              <value>
                <![CDATA[Chrome]]>
              </value>
            </param>
          </params>
          <reporter-output>
          </reporter-output>
        </test-method> <!-- initializeBrowser -->
        <test-method signature="verifyUserLoginWithInvalidUsernameAndValidPassword()[pri:0, instance:testcases.LoginTest@2f953efd]" started-at="2025-01-21T20:09:10 IST" name="verifyUserLoginWithInvalidUsernameAndValidPassword" finished-at="2025-01-21T20:09:11 IST" duration-ms="606" status="PASS">
          <reporter-output>
          </reporter-output>
        </test-method> <!-- verifyUserLoginWithInvalidUsernameAndValidPassword -->
        <test-method is-config="true" signature="driverQuit(org.testng.ITestResult)[pri:0, instance:testcases.LoginTest@2f953efd]" started-at="2025-01-21T20:09:11 IST" name="driverQuit" finished-at="2025-01-21T20:09:11 IST" duration-ms="165" status="PASS">
          <params>
            <param index="0">
              <value>
                <![CDATA[[TestResult name=verifyUserLoginWithInvalidUsernameAndValidPassword status=SUCCESS method=LoginTest.verifyUserLoginWithInvalidUsernameAndValidPassword()[pri:0, instance:testcases.LoginTest@2f953efd] output={null}]]]>
              </value>
            </param>
          </params>
          <reporter-output>
          </reporter-output>
        </test-method> <!-- driverQuit -->
        <test-method is-config="true" signature="initializeBrowser(java.lang.String)[pri:0, instance:testcases.LoginTest@2f953efd]" started-at="2025-01-21T20:09:11 IST" name="initializeBrowser" finished-at="2025-01-21T20:09:12 IST" duration-ms="1382" status="PASS">
          <params>
            <param index="0">
              <value>
                <![CDATA[Chrome]]>
              </value>
            </param>
          </params>
          <reporter-output>
          </reporter-output>
        </test-method> <!-- initializeBrowser -->
        <test-method signature="verifyUserLoginWithValidCredentials()[pri:0, instance:testcases.LoginTest@2f953efd]" started-at="2025-01-21T20:09:12 IST" name="verifyUserLoginWithValidCredentials" finished-at="2025-01-21T20:09:13 IST" duration-ms="695" status="PASS">
          <reporter-output>
          </reporter-output>
        </test-method> <!-- verifyUserLoginWithValidCredentials -->
        <test-method is-config="true" signature="driverQuit(org.testng.ITestResult)[pri:0, instance:testcases.LoginTest@2f953efd]" started-at="2025-01-21T20:09:13 IST" name="driverQuit" finished-at="2025-01-21T20:09:13 IST" duration-ms="177" status="PASS">
          <params>
            <param index="0">
              <value>
                <![CDATA[[TestResult name=verifyUserLoginWithValidCredentials status=SUCCESS method=LoginTest.verifyUserLoginWithValidCredentials()[pri:0, instance:testcases.LoginTest@2f953efd] output={null}]]]>
              </value>
            </param>
          </params>
          <reporter-output>
          </reporter-output>
        </test-method> <!-- driverQuit -->
        <test-method is-config="true" signature="initializeBrowser(java.lang.String)[pri:0, instance:testcases.LoginTest@2f953efd]" started-at="2025-01-21T20:09:13 IST" name="initializeBrowser" finished-at="2025-01-21T20:09:15 IST" duration-ms="1377" status="PASS">
          <params>
            <param index="0">
              <value>
                <![CDATA[Chrome]]>
              </value>
            </param>
          </params>
          <reporter-output>
          </reporter-output>
        </test-method> <!-- initializeBrowser -->
        <test-method signature="verifyUserLoginWithValidUsernameAndInvalidPassword(java.lang.String,java.lang.String)[pri:0, instance:testcases.LoginTest@2f953efd]" started-at="2025-01-21T20:09:15 IST" name="verifyUserLoginWithValidUsernameAndInvalidPassword" data-provider="data provider" finished-at="2025-01-21T20:09:15 IST" duration-ms="605" status="PASS">
          <params>
            <param index="0">
              <value>
                <![CDATA[adminadmin]]>
              </value>
            </param>
            <param index="1">
              <value>
                <![CDATA[admin]]>
              </value>
            </param>
          </params>
          <reporter-output>
          </reporter-output>
        </test-method> <!-- verifyUserLoginWithValidUsernameAndInvalidPassword -->
        <test-method is-config="true" signature="driverQuit(org.testng.ITestResult)[pri:0, instance:testcases.LoginTest@2f953efd]" started-at="2025-01-21T20:09:15 IST" name="driverQuit" finished-at="2025-01-21T20:09:15 IST" duration-ms="211" status="PASS">
          <params>
            <param index="0">
              <value>
                <![CDATA[[TestResult name=verifyUserLoginWithValidUsernameAndInvalidPassword status=SUCCESS method=LoginTest.verifyUserLoginWithValidUsernameAndInvalidPassword(java.lang.String,java.lang.String)[pri:0, instance:testcases.LoginTest@2f953efd] output={null}]]]>
              </value>
            </param>
          </params>
          <reporter-output>
          </reporter-output>
        </test-method> <!-- driverQuit -->
        <test-method is-config="true" signature="initializeBrowser(java.lang.String)[pri:0, instance:testcases.LoginTest@2f953efd]" started-at="2025-01-21T20:09:15 IST" name="initializeBrowser" finished-at="2025-01-21T20:09:17 IST" duration-ms="1378" status="PASS">
          <params>
            <param index="0">
              <value>
                <![CDATA[Chrome]]>
              </value>
            </param>
          </params>
          <reporter-output>
          </reporter-output>
        </test-method> <!-- initializeBrowser -->
        <test-method signature="verifyUserLoginWithValidUsernameAndInvalidPassword(java.lang.String,java.lang.String)[pri:0, instance:testcases.LoginTest@2f953efd]" started-at="2025-01-21T20:09:17 IST" name="verifyUserLoginWithValidUsernameAndInvalidPassword" data-provider="data provider" finished-at="2025-01-21T20:09:17 IST" duration-ms="525" status="PASS">
          <params>
            <param index="0">
              <value>
                <![CDATA[admin66]]>
              </value>
            </param>
            <param index="1">
              <value>
                <![CDATA[admin]]>
              </value>
            </param>
          </params>
          <reporter-output>
          </reporter-output>
        </test-method> <!-- verifyUserLoginWithValidUsernameAndInvalidPassword -->
        <test-method is-config="true" signature="driverQuit(org.testng.ITestResult)[pri:0, instance:testcases.LoginTest@2f953efd]" started-at="2025-01-21T20:09:17 IST" name="driverQuit" finished-at="2025-01-21T20:09:18 IST" duration-ms="177" status="PASS">
          <params>
            <param index="0">
              <value>
                <![CDATA[[TestResult name=verifyUserLoginWithValidUsernameAndInvalidPassword status=SUCCESS method=LoginTest.verifyUserLoginWithValidUsernameAndInvalidPassword(java.lang.String,java.lang.String)[pri:0, instance:testcases.LoginTest@2f953efd] output={null}]]]>
              </value>
            </param>
          </params>
          <reporter-output>
          </reporter-output>
        </test-method> <!-- driverQuit -->
        <test-method is-config="true" signature="initializeBrowser(java.lang.String)[pri:0, instance:testcases.LoginTest@2f953efd]" started-at="2025-01-21T20:09:18 IST" name="initializeBrowser" finished-at="2025-01-21T20:09:19 IST" duration-ms="1419" status="PASS">
          <params>
            <param index="0">
              <value>
                <![CDATA[Chrome]]>
              </value>
            </param>
          </params>
          <reporter-output>
          </reporter-output>
        </test-method> <!-- initializeBrowser -->
        <test-method signature="verifyUserLoginWithValidUsernameAndInvalidPassword(java.lang.String,java.lang.String)[pri:0, instance:testcases.LoginTest@2f953efd]" started-at="2025-01-21T20:09:19 IST" name="verifyUserLoginWithValidUsernameAndInvalidPassword" data-provider="data provider" finished-at="2025-01-21T20:09:19 IST" duration-ms="544" status="PASS">
          <params>
            <param index="0">
              <value>
                <![CDATA[admin3]]>
              </value>
            </param>
            <param index="1">
              <value>
                <![CDATA[admin]]>
              </value>
            </param>
          </params>
          <reporter-output>
          </reporter-output>
        </test-method> <!-- verifyUserLoginWithValidUsernameAndInvalidPassword -->
        <test-method is-config="true" signature="driverQuit(org.testng.ITestResult)[pri:0, instance:testcases.LoginTest@2f953efd]" started-at="2025-01-21T20:09:20 IST" name="driverQuit" finished-at="2025-01-21T20:09:20 IST" duration-ms="177" status="PASS">
          <params>
            <param index="0">
              <value>
                <![CDATA[[TestResult name=verifyUserLoginWithValidUsernameAndInvalidPassword status=SUCCESS method=LoginTest.verifyUserLoginWithValidUsernameAndInvalidPassword(java.lang.String,java.lang.String)[pri:0, instance:testcases.LoginTest@2f953efd] output={null}]]]>
              </value>
            </param>
          </params>
          <reporter-output>
          </reporter-output>
        </test-method> <!-- driverQuit -->
      </class> <!-- testcases.LoginTest -->
    </test> <!-- myTest -->
  </suite> <!-- Mytestsuite -->
</testng-results>
