<?xml version="1.0" encoding="UTF-8"?>
<!-- Generated by org.testng.reporters.JUnitXMLReporter -->
<testsuite ignored="0" hostname="DESKTOP-PMHNFDC" failures="1" tests="6" name="myTest" time="28.632" errors="0" timestamp="2025-01-09T22:29:22 IST">
  <testcase classname="testcases.CategoryTest" name="addCategory" time="2.688">
    <skipped/>
  </testcase> <!-- addCategory -->
  <testcase classname="testcases.CategoryTest" name="addCategory" time="2.022">
    <skipped/>
  </testcase> <!-- addCategory -->
  <testcase classname="testcases.CategoryTest" name="addCategory" time="3.675">
    <skipped/>
  </testcase> <!-- addCategory -->
  <testcase classname="testcases.CategoryTest" name="addCategory" time="2.651">
    <failure type="java.lang.NullPointerException" message="Cannot invoke &amp;quot;org.openqa.selenium.JavascriptExecutor.executeScript(String, Object[])&amp;quot; because &amp;quot;js&amp;quot; is null">
      <![CDATA[java.lang.NullPointerException: Cannot invoke "org.openqa.selenium.JavascriptExecutor.executeScript(String, Object[])" because "js" is null
at utilities.GeneralUtility.scroll(GeneralUtility.java:122)
at pages.CategoryPage.clickOnChoosefile(CategoryPage.java:72)
at testcases.CategoryTest.addCategory(CategoryTest.java:24)
at java.base/java.util.ArrayList.forEach(ArrayList.java:1511)
... Removed 27 stack frames]]>
    </failure>
  </testcase> <!-- addCategory -->
  <testcase classname="testcases.CategoryTest" name="resetCategory" time="2.532"/>
  <testcase classname="testcases.CategoryTest" name="searchCategory" time="2.481"/>
</testsuite> <!-- myTest -->
