<?xml version="1.0" encoding="UTF-8"?>
<!-- Generated by org.testng.reporters.JUnitXMLReporter -->
<testsuite ignored="0" hostname="DESKTOP-PMHNFDC" failures="0" tests="4" name="Test1" time="14.873" errors="0" timestamp="2025-01-13T16:56:21 IST">
  <testcase classname="testcases.ManageNewsTest" name="verifyAddManageNews" time="2.815"/>
  <testcase classname="testcases.ManageNewsTest" name="verifyEditManageNews" time="2.05"/>
  <testcase classname="testcases.ManageNewsTest" name="verifyResetManageNews" time="1.55"/>
  <testcase classname="testcases.ManageNewsTest" name="verifySearchManageNews" time="1.926"/>
</testsuite> <!-- Test1 -->
