<?xml version="1.0" encoding="UTF-8"?>
<!-- Generated by org.testng.reporters.JUnitXMLReporter -->
<testsuite ignored="0" hostname="DESKTOP-PMHNFDC" failures="0" tests="4" name="Test1" time="15.224" errors="0" timestamp="2025-01-20T21:33:38 IST">
  <testcase classname="testcases.ManageNewsTest" name="verifyUserIsAbleTOAddNewNewsWithValidDetails" time="2.814"/>
  <testcase classname="testcases.ManageNewsTest" name="verifyUserIsAbleToEditTheNewsWithValidDetails" time="2.103"/>
  <testcase classname="testcases.ManageNewsTest" name="verifyUserIsAbleToResetTheNews" time="1.439"/>
  <testcase classname="testcases.ManageNewsTest" name="verifyUserIsAbleToSearchTheExistingNews" time="1.649"/>
</testsuite> <!-- Test1 -->
