<?xml version="1.0" encoding="UTF-8"?>
<!-- Generated by org.testng.reporters.JUnitXMLReporter -->
<testsuite ignored="0" hostname="DESKTOP-PMHNFDC" failures="0" tests="3" name="Test2" time="12.331" errors="0" timestamp="2025-01-20T21:33:50 IST">
  <testcase classname="testcases.CategoryTest" name="verifyUserIsAbleToAddNewCategoryWithValidDetails" time="3.589"/>
  <testcase classname="testcases.CategoryTest" name="verifyUserIsAbleToResetTheCategory" time="1.739"/>
  <testcase classname="testcases.CategoryTest" name="verifyUserIsAbleToSearchTheCategoryThatIsNotPresent" time="1.814"/>
</testsuite> <!-- Test2 -->
